C:\Roman\Programming\dotNET\Code\SmartphoneShop\SmartphoneShop\wwwroot\clientapp\dist\out-tsc\ClientApp\app\app.component.js
C:\Roman\Programming\dotNET\Code\SmartphoneShop\SmartphoneShop\wwwroot\clientapp\dist\out-tsc\ClientApp\app\app.component.js.map
C:\Roman\Programming\dotNET\Code\SmartphoneShop\SmartphoneShop\wwwroot\clientapp\dist\out-tsc\ClientApp\app\shared\product.js
C:\Roman\Programming\dotNET\Code\SmartphoneShop\SmartphoneShop\wwwroot\clientapp\dist\out-tsc\ClientApp\app\shared\product.js.map
C:\Roman\Programming\dotNET\Code\SmartphoneShop\SmartphoneShop\wwwroot\clientapp\dist\out-tsc\ClientApp\app\shared\order.js
C:\Roman\Programming\dotNET\Code\SmartphoneShop\SmartphoneShop\wwwroot\clientapp\dist\out-tsc\ClientApp\app\shared\order.js.map
C:\Roman\Programming\dotNET\Code\SmartphoneShop\SmartphoneShop\wwwroot\clientapp\dist\out-tsc\ClientApp\app\shared\dataService.js
C:\Roman\Programming\dotNET\Code\SmartphoneShop\SmartphoneShop\wwwroot\clientapp\dist\out-tsc\ClientApp\app\shared\dataService.js.map
C:\Roman\Programming\dotNET\Code\SmartphoneShop\SmartphoneShop\wwwroot\clientapp\dist\out-tsc\ClientApp\app\shop\productList.component.js
C:\Roman\Programming\dotNET\Code\SmartphoneShop\SmartphoneShop\wwwroot\clientapp\dist\out-tsc\ClientApp\app\shop\productList.component.js.map
C:\Roman\Programming\dotNET\Code\SmartphoneShop\SmartphoneShop\wwwroot\clientapp\dist\out-tsc\ClientApp\app\shop\cart.component.js
C:\Roman\Programming\dotNET\Code\SmartphoneShop\SmartphoneShop\wwwroot\clientapp\dist\out-tsc\ClientApp\app\shop\cart.component.js.map
C:\Roman\Programming\dotNET\Code\SmartphoneShop\SmartphoneShop\wwwroot\clientapp\dist\out-tsc\ClientApp\app\shop\shop.component.js
C:\Roman\Programming\dotNET\Code\SmartphoneShop\SmartphoneShop\wwwroot\clientapp\dist\out-tsc\ClientApp\app\shop\shop.component.js.map
C:\Roman\Programming\dotNET\Code\SmartphoneShop\SmartphoneShop\wwwroot\clientapp\dist\out-tsc\ClientApp\app\checkout\checkout.component.js
C:\Roman\Programming\dotNET\Code\SmartphoneShop\SmartphoneShop\wwwroot\clientapp\dist\out-tsc\ClientApp\app\checkout\checkout.component.js.map
C:\Roman\Programming\dotNET\Code\SmartphoneShop\SmartphoneShop\wwwroot\clientapp\dist\out-tsc\ClientApp\app\login\login.component.js
C:\Roman\Programming\dotNET\Code\SmartphoneShop\SmartphoneShop\wwwroot\clientapp\dist\out-tsc\ClientApp\app\login\login.component.js.map
C:\Roman\Programming\dotNET\Code\SmartphoneShop\SmartphoneShop\wwwroot\clientapp\dist\out-tsc\ClientApp\app\app.module.js
C:\Roman\Programming\dotNET\Code\SmartphoneShop\SmartphoneShop\wwwroot\clientapp\dist\out-tsc\ClientApp\app\app.module.js.map
C:\Roman\Programming\dotNET\Code\SmartphoneShop\SmartphoneShop\wwwroot\clientapp\dist\out-tsc\ClientApp\environments\environment.js
C:\Roman\Programming\dotNET\Code\SmartphoneShop\SmartphoneShop\wwwroot\clientapp\dist\out-tsc\ClientApp\environments\environment.js.map
C:\Roman\Programming\dotNET\Code\SmartphoneShop\SmartphoneShop\wwwroot\clientapp\dist\out-tsc\ClientApp\main.js
C:\Roman\Programming\dotNET\Code\SmartphoneShop\SmartphoneShop\wwwroot\clientapp\dist\out-tsc\ClientApp\main.js.map
C:\Roman\Programming\dotNET\Code\SmartphoneShop\SmartphoneShop\wwwroot\clientapp\dist\out-tsc\ClientApp\polyfills.js
C:\Roman\Programming\dotNET\Code\SmartphoneShop\SmartphoneShop\wwwroot\clientapp\dist\out-tsc\ClientApp\polyfills.js.map
C:\Roman\Programming\dotNET\Code\SmartphoneShop\SmartphoneShop\wwwroot\clientapp\dist\out-tsc\ClientApp\environments\environment.prod.js
C:\Roman\Programming\dotNET\Code\SmartphoneShop\SmartphoneShop\wwwroot\clientapp\dist\out-tsc\ClientApp\environments\environment.prod.js.map
C:\Roman\Programming\dotNET\Code\SmartphoneShop\SmartphoneShop\wwwroot\clientapp\dist\out-tsc\wwwroot\ts\main.js
C:\Roman\Programming\dotNET\Code\SmartphoneShop\SmartphoneShop\wwwroot\clientapp\dist\out-tsc\wwwroot\ts\main.js.map
C:\Roman\Programming\dotNET\Code\SmartphoneShop\SmartphoneShop\wwwroot\clientapp\dist\out-tsc\wwwroot\ts\storecustomer.js
C:\Roman\Programming\dotNET\Code\SmartphoneShop\SmartphoneShop\wwwroot\clientapp\dist\out-tsc\wwwroot\ts\storecustomer.js.map
